This file contains any messages produced by compilers while
running configure, to aid debugging if configure makes a mistake.

It was created by audiostreamer configure 0.1, which was
generated by GNU Autoconf 2.69.  Invocation command line was

  $ ./configure 

## --------- ##
## Platform. ##
## --------- ##

hostname = x220red
uname -m = x86_64
uname -r = 4.19.0-13-amd64
uname -s = Linux
uname -v = #1 SMP Debian 4.19.160-2 (2020-11-28)

/usr/bin/uname -p = unknown
/bin/uname -X     = unknown

/bin/arch              = x86_64
/usr/bin/arch -k       = unknown
/usr/convex/getsysinfo = unknown
/usr/bin/hostinfo      = unknown
/bin/machine           = unknown
/usr/bin/oslevel       = unknown
/bin/universe          = unknown

PATH: /usr/local/bin
PATH: /usr/bin
PATH: /bin
PATH: /usr/local/games
PATH: /usr/games


## ----------- ##
## Core tests. ##
## ----------- ##

configure:1856: checking for a BSD-compatible install
configure:1924: result: /usr/bin/install -c
configure:1935: checking whether build environment is sane
configure:1990: result: yes
configure:2139: checking for a thread-safe mkdir -p
configure:2178: result: /usr/bin/mkdir -p
configure:2185: checking for gawk
configure:2215: result: no
configure:2185: checking for mawk
configure:2201: found /usr/bin/mawk
configure:2212: result: mawk
configure:2223: checking whether make sets $(MAKE)
configure:2245: result: yes
configure:2274: checking whether make supports nested variables
configure:2291: result: yes
configure:2465: checking for gcc
configure:2481: found /usr/bin/gcc
configure:2492: result: gcc
configure:2721: checking for C compiler version
configure:2730: gcc --version >&5
gcc (Debian 8.3.0-6) 8.3.0
Copyright (C) 2018 Free Software Foundation, Inc.
This is free software; see the source for copying conditions.  There is NO
warranty; not even for MERCHANTABILITY or FITNESS FOR A PARTICULAR PURPOSE.

configure:2741: $? = 0
configure:2730: gcc -v >&5
Using built-in specs.
COLLECT_GCC=gcc
COLLECT_LTO_WRAPPER=/usr/lib/gcc/x86_64-linux-gnu/8/lto-wrapper
OFFLOAD_TARGET_NAMES=nvptx-none
OFFLOAD_TARGET_DEFAULT=1
Target: x86_64-linux-gnu
Configured with: ../src/configure -v --with-pkgversion='Debian 8.3.0-6' --with-bugurl=file:///usr/share/doc/gcc-8/README.Bugs --enable-languages=c,ada,c++,go,brig,d,fortran,objc,obj-c++ --prefix=/usr --with-gcc-major-version-only --program-suffix=-8 --program-prefix=x86_64-linux-gnu- --enable-shared --enable-linker-build-id --libexecdir=/usr/lib --without-included-gettext --enable-threads=posix --libdir=/usr/lib --enable-nls --enable-bootstrap --enable-clocale=gnu --enable-libstdcxx-debug --enable-libstdcxx-time=yes --with-default-libstdcxx-abi=new --enable-gnu-unique-object --disable-vtable-verify --enable-libmpx --enable-plugin --enable-default-pie --with-system-zlib --with-target-system-zlib --enable-objc-gc=auto --enable-multiarch --disable-werror --with-arch-32=i686 --with-abi=m64 --with-multilib-list=m32,m64,mx32 --enable-multilib --with-tune=generic --enable-offload-targets=nvptx-none --without-cuda-driver --enable-checking=release --build=x86_64-linux-gnu --host=x86_64-linux-gnu --target=x86_64-linux-gnu
Thread model: posix
gcc version 8.3.0 (Debian 8.3.0-6) 
configure:2741: $? = 0
configure:2730: gcc -V >&5
gcc: error: unrecognized command line option '-V'
gcc: fatal error: no input files
compilation terminated.
configure:2741: $? = 1
configure:2730: gcc -qversion >&5
gcc: error: unrecognized command line option '-qversion'; did you mean '--version'?
gcc: fatal error: no input files
compilation terminated.
configure:2741: $? = 1
configure:2761: checking whether the C compiler works
configure:2783: gcc    conftest.c  >&5
configure:2787: $? = 0
configure:2835: result: yes
configure:2838: checking for C compiler default output file name
configure:2840: result: a.out
configure:2846: checking for suffix of executables
configure:2853: gcc -o conftest    conftest.c  >&5
configure:2857: $? = 0
configure:2879: result: 
configure:2901: checking whether we are cross compiling
configure:2909: gcc -o conftest    conftest.c  >&5
configure:2913: $? = 0
configure:2920: ./conftest
configure:2924: $? = 0
configure:2912: result: no
configure:2917: checking for suffix of object files
configure:2939: gcc -c   conftest.c >&5
configure:2943: $? = 0
configure:2964: result: o
configure:2968: checking whether we are using the GNU C compiler
configure:2987: gcc -c   conftest.c >&5
configure:2987: $? = 0
configure:2996: result: yes
configure:3005: checking whether gcc accepts -g
configure:3025: gcc -c -g  conftest.c >&5
configure:3025: $? = 0
configure:3066: result: yes
configure:3083: checking for gcc option to accept ISO C89
configure:3146: gcc  -c -g -O2  conftest.c >&5
configure:3146: $? = 0
configure:3159: result: none needed
configure:3184: checking whether gcc understands -c and -o together
configure:3206: gcc -c conftest.c -o conftest2.o
configure:3209: $? = 0
configure:3206: gcc -c conftest.c -o conftest2.o
configure:3209: $? = 0
configure:3221: result: yes
configure:3241: checking whether make supports the include directive
configure:3256: make -f confmf.GNU && cat confinc.out
this is the am__doit target
configure:3259: $? = 0
configure:3278: result: yes (GNU style)
configure:3303: checking dependency style of gcc
configure:3414: result: gcc3
configure:3485: checking for pkg-config
configure:3503: found /usr/bin/pkg-config
configure:3515: result: /usr/bin/pkg-config
configure:3540: checking pkg-config is at least version 0.9.0
configure:3543: result: yes
configure:3553: checking for GST
configure:3560: $PKG_CONFIG --exists --print-errors "gstreamer-1.0 >= 1.14"
configure:3563: $? = 0
configure:3577: $PKG_CONFIG --exists --print-errors "gstreamer-1.0 >= 1.14"
configure:3580: $? = 0
configure:3638: result: yes
configure:3745: checking that generated files are newer than configure
configure:3751: result: done
configure:3774: creating ./config.status

## ---------------------- ##
## Running config.status. ##
## ---------------------- ##

This file was extended by audiostreamer config.status 0.1, which was
generated by GNU Autoconf 2.69.  Invocation command line was

  CONFIG_FILES    = 
  CONFIG_HEADERS  = 
  CONFIG_LINKS    = 
  CONFIG_COMMANDS = 
  $ ./config.status 

on x220red

config.status:842: creating Makefile
config.status:842: creating src/Makefile
config.status:842: creating config.h
config.status:1071: executing depfiles commands
config.status:1148: cd src       && sed -e '/# am--include-marker/d' Makefile         | make -f - am--depfiles
config.status:1153: $? = 0

## ---------------- ##
## Cache variables. ##
## ---------------- ##

ac_cv_c_compiler_gnu=yes
ac_cv_env_CC_set=
ac_cv_env_CC_value=
ac_cv_env_CFLAGS_set=
ac_cv_env_CFLAGS_value=
ac_cv_env_CPPFLAGS_set=
ac_cv_env_CPPFLAGS_value=
ac_cv_env_GST_CFLAGS_set=
ac_cv_env_GST_CFLAGS_value=
ac_cv_env_GST_LIBS_set=
ac_cv_env_GST_LIBS_value=
ac_cv_env_LDFLAGS_set=
ac_cv_env_LDFLAGS_value=
ac_cv_env_LIBS_set=
ac_cv_env_LIBS_value=
ac_cv_env_PKG_CONFIG_LIBDIR_set=
ac_cv_env_PKG_CONFIG_LIBDIR_value=
ac_cv_env_PKG_CONFIG_PATH_set=
ac_cv_env_PKG_CONFIG_PATH_value=
ac_cv_env_PKG_CONFIG_set=
ac_cv_env_PKG_CONFIG_value=
ac_cv_env_build_alias_set=
ac_cv_env_build_alias_value=
ac_cv_env_host_alias_set=
ac_cv_env_host_alias_value=
ac_cv_env_target_alias_set=
ac_cv_env_target_alias_value=
ac_cv_objext=o
ac_cv_path_ac_pt_PKG_CONFIG=/usr/bin/pkg-config
ac_cv_path_install='/usr/bin/install -c'
ac_cv_path_mkdir=/usr/bin/mkdir
ac_cv_prog_AWK=mawk
ac_cv_prog_ac_ct_CC=gcc
ac_cv_prog_cc_c89=
ac_cv_prog_cc_g=yes
ac_cv_prog_make_make_set=yes
am_cv_CC_dependencies_compiler_type=gcc3
am_cv_make_support_nested_variables=yes
am_cv_prog_cc_c_o=yes
pkg_cv_GST_CFLAGS='-pthread -I/usr/include/gstreamer-1.0 -I/usr/include/glib-2.0 -I/usr/lib/x86_64-linux-gnu/glib-2.0/include'
pkg_cv_GST_LIBS='-lgstreamer-1.0 -lgobject-2.0 -lglib-2.0'

## ----------------- ##
## Output variables. ##
## ----------------- ##

ACLOCAL='${SHELL} /home/tech/experiments/audiostreamer/missing aclocal-1.16'
AMDEPBACKSLASH='\'
AMDEP_FALSE='#'
AMDEP_TRUE=''
AMTAR='$${TAR-tar}'
AM_BACKSLASH='\'
AM_DEFAULT_V='$(AM_DEFAULT_VERBOSITY)'
AM_DEFAULT_VERBOSITY='1'
AM_V='$(V)'
AUTOCONF='${SHELL} /home/tech/experiments/audiostreamer/missing autoconf'
AUTOHEADER='${SHELL} /home/tech/experiments/audiostreamer/missing autoheader'
AUTOMAKE='${SHELL} /home/tech/experiments/audiostreamer/missing automake-1.16'
AWK='mawk'
CC='gcc'
CCDEPMODE='depmode=gcc3'
CFLAGS='-g -O2'
CPPFLAGS=''
CYGPATH_W='echo'
DEFS='-DHAVE_CONFIG_H'
DEPDIR='.deps'
ECHO_C=''
ECHO_N='-n'
ECHO_T=''
EXEEXT=''
GST_CFLAGS='-pthread -I/usr/include/gstreamer-1.0 -I/usr/include/glib-2.0 -I/usr/lib/x86_64-linux-gnu/glib-2.0/include'
GST_LIBS='-lgstreamer-1.0 -lgobject-2.0 -lglib-2.0'
INSTALL_DATA='${INSTALL} -m 644'
INSTALL_PROGRAM='${INSTALL}'
INSTALL_SCRIPT='${INSTALL}'
INSTALL_STRIP_PROGRAM='$(install_sh) -c -s'
LDFLAGS=''
LIBOBJS=''
LIBS=''
LTLIBOBJS=''
MAKEINFO='${SHELL} /home/tech/experiments/audiostreamer/missing makeinfo'
MKDIR_P='/usr/bin/mkdir -p'
OBJEXT='o'
PACKAGE='audiostreamer'
PACKAGE_BUGREPORT='bug-automake@gnu.org'
PACKAGE_NAME='audiostreamer'
PACKAGE_STRING='audiostreamer 0.1'
PACKAGE_TARNAME='audiostreamer'
PACKAGE_URL=''
PACKAGE_VERSION='0.1'
PATH_SEPARATOR=':'
PKG_CONFIG='/usr/bin/pkg-config'
PKG_CONFIG_LIBDIR=''
PKG_CONFIG_PATH=''
SET_MAKE=''
SHELL='/bin/bash'
STRIP=''
VERSION='0.1'
ac_ct_CC='gcc'
am__EXEEXT_FALSE=''
am__EXEEXT_TRUE='#'
am__fastdepCC_FALSE='#'
am__fastdepCC_TRUE=''
am__include='include'
am__isrc=''
am__leading_dot='.'
am__nodep='_no'
am__quote=''
am__tar='$${TAR-tar} chof - "$$tardir"'
am__untar='$${TAR-tar} xf -'
bindir='${exec_prefix}/bin'
build_alias=''
datadir='${datarootdir}'
datarootdir='${prefix}/share'
docdir='${datarootdir}/doc/${PACKAGE_TARNAME}'
dvidir='${docdir}'
exec_prefix='${prefix}'
host_alias=''
htmldir='${docdir}'
includedir='${prefix}/include'
infodir='${datarootdir}/info'
install_sh='${SHELL} /home/tech/experiments/audiostreamer/install-sh'
libdir='${exec_prefix}/lib'
libexecdir='${exec_prefix}/libexec'
localedir='${datarootdir}/locale'
localstatedir='${prefix}/var'
mandir='${datarootdir}/man'
mkdir_p='$(MKDIR_P)'
oldincludedir='/usr/include'
pdfdir='${docdir}'
prefix='/usr/local'
program_transform_name='s,x,x,'
psdir='${docdir}'
runstatedir='${localstatedir}/run'
sbindir='${exec_prefix}/sbin'
sharedstatedir='${prefix}/com'
sysconfdir='${prefix}/etc'
target_alias=''

## ----------- ##
## confdefs.h. ##
## ----------- ##

/* confdefs.h */
#define PACKAGE_NAME "audiostreamer"
#define PACKAGE_TARNAME "audiostreamer"
#define PACKAGE_VERSION "0.1"
#define PACKAGE_STRING "audiostreamer 0.1"
#define PACKAGE_BUGREPORT "bug-automake@gnu.org"
#define PACKAGE_URL ""
#define PACKAGE "audiostreamer"
#define VERSION "0.1"

configure: exit 0
